c:\users\diabl\documents\cppprojects\openglassesment\openglassesment\x64\debug\vc141.pdb
c:\users\diabl\documents\cppprojects\openglassesment\openglassesment\x64\debug\vc141.idb
c:\users\diabl\documents\cppprojects\openglassesment\openglassesment\x64\debug\vec.obj
c:\users\diabl\documents\cppprojects\openglassesment\openglassesment\x64\debug\sun.obj
c:\users\diabl\documents\cppprojects\openglassesment\openglassesment\x64\debug\simulation.obj
c:\users\diabl\documents\cppprojects\openglassesment\openglassesment\x64\debug\renderer.obj
c:\users\diabl\documents\cppprojects\openglassesment\openglassesment\x64\debug\planet.obj
c:\users\diabl\documents\cppprojects\openglassesment\openglassesment\x64\debug\main.obj
c:\users\diabl\documents\cppprojects\openglassesment\openglassesment\x64\debug\textureloader.obj
c:\users\diabl\documents\cppprojects\openglassesment\x64\debug\openglassesment.pdb
c:\users\diabl\documents\cppprojects\openglassesment\openglassesment\x64\debug\openglassesment.tlog\cl.command.1.tlog
c:\users\diabl\documents\cppprojects\openglassesment\openglassesment\x64\debug\openglassesment.tlog\cl.read.1.tlog
c:\users\diabl\documents\cppprojects\openglassesment\openglassesment\x64\debug\openglassesment.tlog\cl.write.1.tlog
c:\users\diabl\documents\cppprojects\openglassesment\openglassesment\x64\debug\openglassesment.tlog\link.61084-cvtres.read.1.tlog
c:\users\diabl\documents\cppprojects\openglassesment\openglassesment\x64\debug\openglassesment.tlog\link.61084-cvtres.write.1.tlog
c:\users\diabl\documents\cppprojects\openglassesment\openglassesment\x64\debug\openglassesment.tlog\link.61084-rc.read.1.tlog
c:\users\diabl\documents\cppprojects\openglassesment\openglassesment\x64\debug\openglassesment.tlog\link.61084-rc.write.1.tlog
c:\users\diabl\documents\cppprojects\openglassesment\openglassesment\x64\debug\openglassesment.tlog\link.61084.read.1.tlog
c:\users\diabl\documents\cppprojects\openglassesment\openglassesment\x64\debug\openglassesment.tlog\link.61084.write.1.tlog
c:\users\diabl\documents\cppprojects\openglassesment\openglassesment\x64\debug\openglassesment.tlog\link.command.1.tlog
c:\users\diabl\documents\cppprojects\openglassesment\openglassesment\x64\debug\openglassesment.tlog\link.read.1.tlog
c:\users\diabl\documents\cppprojects\openglassesment\openglassesment\x64\debug\openglassesment.tlog\link.write.1.tlog
